# JRE version: OpenJDK Runtime Environment Temurin-21.0.12+8 (21.0.12+8) (build 21.0.12+8-LTS)
# Java VM: OpenJDK 64-Bit Server VM Temurin-21.0.12+8 (21.0.12+8-LTS, mixed mode, sharing, tiered, compressed oops, compressed class ptrs, g1 gc, windows-amd64)
GC Precious Log:
 CardTable entry size: 512
 Card Set container configuration: InlinePtr #cards 5 size 8 Array Of Cards #cards 12 size 40 Howl #buckets 4 coarsen threshold 1843 Howl Bitmap #cards 512 size 80 coarsen threshold 460 Card regions per heap region 1 cards per card region 2048
 CPUs: 4 total, 4 available
 Memory: 3960M
 Large Page Support: Disabled
 NUMA Support: Disabled
 Compressed Oops: Enabled (32-bit)
 Heap Region Size: 1M
 Heap Min Capacity: 8M
 Heap Initial Capacity: 62M
 Heap Max Capacity: 2G
 Pre-touch: Disabled
 Parallel Workers: 4
 Concurrent Workers: 1
 Concurrent Refinement Workers: 4
 Periodic GC: Disabled
Heap:
 garbage-first heap   total 310272K, used 215463K [0x0000000080000000, 0x0000000100000000)
  region size 1024K, 1 young (1024K), 1 survivors (1024K)
 Metaspace       used 153636K, committed 156160K, reserved 1245184K
  class space    used 19772K, committed 21056K, reserved 1048576K
GC Heap History (20 events):
Event: 235.120 GC heap after
{Heap after GC invocations=55 (full 0):
 garbage-first heap   total 258048K, used 172363K [0x0000000080000000, 0x0000000100000000)
  region size 1024K, 2 young (2048K), 2 survivors (2048K)
 Metaspace       used 132443K, committed 134848K, reserved 1179648K
  class space    used 17428K, committed 18624K, reserved 1048576K
}
Event: 248.063 GC heap before
{Heap before GC invocations=55 (full 0):
 garbage-first heap   total 258048K, used 243019K [0x0000000080000000, 0x0000000100000000)
  region size 1024K, 65 young (66560K), 2 survivors (2048K)
 Metaspace       used 136522K, committed 138944K, reserved 1179648K
  class space    used 17968K, committed 19136K, reserved 1048576K
}
Event: 248.345 GC heap after
{Heap after GC invocations=56 (full 0):
 garbage-first heap   total 258048K, used 179775K [0x0000000080000000, 0x0000000100000000)
  region size 1024K, 9 young (9216K), 9 survivors (9216K)
 Metaspace       used 136522K, committed 138944K, reserved 1179648K
  class space    used 17968K, committed 19136K, reserved 1048576K
}
Event: 255.370 GC heap before
{Heap before GC invocations=56 (full 0):
 garbage-first heap   total 258048K, used 237119K [0x0000000080000000, 0x0000000100000000)
  region size 1024K, 66 young (67584K), 9 survivors (9216K)
 Metaspace       used 140656K, committed 143040K, reserved 1179648K
  class space    used 18456K, committed 19648K, reserved 1048576K
}
Event: 255.443 GC heap after
{Heap after GC invocations=57 (full 0):
 garbage-first heap   total 310272K, used 183704K [0x0000000080000000, 0x0000000100000000)
  region size 1024K, 4 young (4096K), 4 survivors (4096K)
 Metaspace       used 140656K, committed 143040K, reserved 1179648K
  class space    used 18456K, committed 19648K, reserved 1048576K
}
Event: 262.895 GC heap before
{Heap before GC invocations=58 (full 0):
 garbage-first heap   total 310272K, used 257432K [0x0000000080000000, 0x0000000100000000)
  region size 1024K, 105 young (107520K), 4 survivors (4096K)
 Metaspace       used 140955K, committed 143488K, reserved 1179648K
  class space    used 18479K, committed 19712K, reserved 1048576K
}
Event: 263.094 GC heap after
{Heap after GC invocations=59 (full 0):
 garbage-first heap   total 310272K, used 191488K [0x0000000080000000, 0x0000000100000000)
  region size 1024K, 14 young (14336K), 14 survivors (14336K)
 Metaspace       used 140955K, committed 143488K, reserved 1179648K
  class space    used 18479K, committed 19712K, reserved 1048576K
}
Event: 263.223 GC heap before
{Heap before GC invocations=59 (full 0):
 garbage-first heap   total 310272K, used 192512K [0x0000000080000000, 0x0000000100000000)
  region size 1024K, 15 young (15360K), 14 survivors (14336K)
 Metaspace       used 140958K, committed 143488K, reserved 1179648K
  class space    used 18479K, committed 19712K, reserved 1048576K
}
Event: 263.275 GC heap after
{Heap after GC invocations=60 (full 0):
 garbage-first heap   total 310272K, used 191488K [0x0000000080000000, 0x0000000100000000)
  region size 1024K, 2 young (2048K), 2 survivors (2048K)
 Metaspace       used 140958K, committed 143488K, reserved 1179648K
  class space    used 18479K, committed 19712K, reserved 1048576K
}
Event: 272.252 GC heap before
{Heap before GC invocations=60 (full 0):
 garbage-first heap   total 310272K, used 250880K [0x0000000080000000, 0x0000000100000000)
  region size 1024K, 60 young (61440K), 2 survivors (2048K)
 Metaspace       used 141790K, committed 144256K, reserved 1179648K
  class space    used 18509K, committed 19712K, reserved 1048576K
}
Event: 272.295 GC heap after
{Heap after GC invocations=61 (full 0):
 garbage-first heap   total 310272K, used 204800K [0x0000000080000000, 0x0000000100000000)
  region size 1024K, 8 young (8192K), 8 survivors (8192K)
 Metaspace       used 141790K, committed 144256K, reserved 1179648K
  class space    used 18509K, committed 19712K, reserved 1048576K
}
Event: 280.540 GC heap before
{Heap before GC invocations=61 (full 0):
 garbage-first heap   total 310272K, used 245760K [0x0000000080000000, 0x0000000100000000)
  region size 1024K, 48 young (49152K), 8 survivors (8192K)
 Metaspace       used 143479K, committed 145920K, reserved 1179648K
  class space    used 18589K, committed 19776K, reserved 1048576K
}
Event: 280.606 GC heap after
{Heap after GC invocations=62 (full 0):
 garbage-first heap   total 310272K, used 212786K [0x0000000080000000, 0x0000000100000000)
  region size 1024K, 6 young (6144K), 6 survivors (6144K)
 Metaspace       used 143479K, committed 145920K, reserved 1179648K
  class space    used 18589K, committed 19776K, reserved 1048576K
}
Event: 290.665 GC heap before
{Heap before GC invocations=62 (full 0):
 garbage-first heap   total 310272K, used 269106K [0x0000000080000000, 0x0000000100000000)
  region size 1024K, 61 young (62464K), 6 survivors (6144K)
 Metaspace       used 147528K, committed 150016K, reserved 1179648K
  class space    used 18882K, committed 20096K, reserved 1048576K
}
Event: 290.726 GC heap after
{Heap after GC invocations=63 (full 0):
 garbage-first heap   total 310272K, used 219648K [0x0000000080000000, 0x0000000100000000)
  region size 1024K, 8 young (8192K), 8 survivors (8192K)
 Metaspace       used 147528K, committed 150016K, reserved 1179648K
  class space    used 18882K, committed 20096K, reserved 1048576K
}
Event: 302.368 GC heap before
{Heap before GC invocations=63 (full 0):
 garbage-first heap   total 310272K, used 274944K [0x0000000080000000, 0x0000000100000000)
  region size 1024K, 62 young (63488K), 8 survivors (8192K)
 Metaspace       used 151725K, committed 154240K, reserved 1245184K
  class space    used 19450K, committed 20672K, reserved 1048576K
}
Event: 305.147 GC heap after
{Heap after GC invocations=64 (full 0):
 garbage-first heap   total 310272K, used 218624K [0x0000000080000000, 0x0000000100000000)
  region size 1024K, 3 young (3072K), 3 survivors (3072K)
 Metaspace       used 151725K, committed 154240K, reserved 1245184K
  class space    used 19450K, committed 20672K, reserved 1048576K
}
Event: 306.572 GC heap before
{Heap before GC invocations=64 (full 0):
 garbage-first heap   total 310272K, used 230912K [0x0000000080000000, 0x0000000100000000)
  region size 1024K, 15 young (15360K), 3 survivors (3072K)
 Metaspace       used 152656K, committed 155200K, reserved 1245184K
  class space    used 19616K, committed 20864K, reserved 1048576K
}
Event: 306.642 GC heap after
{Heap after GC invocations=65 (full 0):
 garbage-first heap   total 310272K, used 216627K [0x0000000080000000, 0x0000000100000000)
  region size 1024K, 1 young (1024K), 1 survivors (1024K)
 Metaspace       used 152656K, committed 155200K, reserved 1245184K
  class space    used 19616K, committed 20864K, reserved 1048576K
}
Event: 308.297 GC heap before
{Heap before GC invocations=65 (full 0):
 garbage-first heap   total 310272K, used 230963K [0x0000000080000000, 0x0000000100000000)
  region size 1024K, 15 young (15360K), 1 survivors (1024K)
 Metaspace       used 153636K, committed 156160K, reserved 1245184K
  class space    used 19772K, committed 21056K, reserved 1048576K
}

